
$ env RUSTC_WRAPPER= cargo run --bin sqlrite-bench -- --corpus 5000 --queries 100 --warmup 20 --embedding-dim 64 --candidate-limit 200 --top-k 10 --filter-mode tenant --tenant-count 2 --index-mode brute_force --storage-kind f32 --output /Users/jameskaranja/Developer/projects/SQLRight/project_plan/reports/p8_tenant_sweep_brute_force_tenants_2.json
   Compiling sqlrite v1.0.0 (/Users/jameskaranja/Developer/projects/SQLRight)
    Finished `dev` profile [unoptimized + debuginfo] target(s) in 1.74s
     Running `target/debug/sqlrite-bench --corpus 5000 --queries 100 --warmup 20 --embedding-dim 64 --candidate-limit 200 --top-k 10 --filter-mode tenant --tenant-count 2 --index-mode brute_force --storage-kind f32 --output /Users/jameskaranja/Developer/projects/SQLRight/project_plan/reports/p8_tenant_sweep_brute_force_tenants_2.json`
SQLRite benchmark: corpus=5000, queries=100, concurrency=1, index=brute_force, fusion=weighted, query_profile=balanced, tenant_filters=true, tenant_count=2, filter_mode=tenant
ingest_ms=207.84, query_ms=331.06, qps=302.06, top1_hit_rate=1.0000
ingest_chunks_per_sec=24056.79, dataset_payload_bytes=1539515, index_estimated_bytes=1550000, approx_working_set_bytes=3089515
latency_ms: avg=3.3035, p50=3.2715, p95=3.5578, p99=3.6904, min=3.1290, max=3.8107

$ env RUSTC_WRAPPER= cargo run --bin sqlrite-bench -- --corpus 5000 --queries 100 --warmup 20 --embedding-dim 64 --candidate-limit 200 --top-k 10 --filter-mode tenant --tenant-count 2 --index-mode hnsw_baseline --storage-kind f32 --output /Users/jameskaranja/Developer/projects/SQLRight/project_plan/reports/p8_tenant_sweep_hnsw_baseline_tenants_2.json
    Finished `dev` profile [unoptimized + debuginfo] target(s) in 0.10s
     Running `target/debug/sqlrite-bench --corpus 5000 --queries 100 --warmup 20 --embedding-dim 64 --candidate-limit 200 --top-k 10 --filter-mode tenant --tenant-count 2 --index-mode hnsw_baseline --storage-kind f32 --output /Users/jameskaranja/Developer/projects/SQLRight/project_plan/reports/p8_tenant_sweep_hnsw_baseline_tenants_2.json`
SQLRite benchmark: corpus=5000, queries=100, concurrency=1, index=hnsw_baseline, fusion=weighted, query_profile=balanced, tenant_filters=true, tenant_count=2, filter_mode=tenant
ingest_ms=207.83, query_ms=347.34, qps=287.90, top1_hit_rate=1.0000
ingest_chunks_per_sec=24058.62, dataset_payload_bytes=1539515, index_estimated_bytes=2830000, approx_working_set_bytes=4369515
latency_ms: avg=3.4660, p50=3.4112, p95=3.8128, p99=4.1585, min=3.2898, max=4.1623

$ env RUSTC_WRAPPER= cargo run --bin sqlrite-bench -- --corpus 5000 --queries 100 --warmup 20 --embedding-dim 64 --candidate-limit 200 --top-k 10 --filter-mode tenant --tenant-count 4 --index-mode brute_force --storage-kind f32 --output /Users/jameskaranja/Developer/projects/SQLRight/project_plan/reports/p8_tenant_sweep_brute_force_tenants_4.json
    Finished `dev` profile [unoptimized + debuginfo] target(s) in 0.10s
     Running `target/debug/sqlrite-bench --corpus 5000 --queries 100 --warmup 20 --embedding-dim 64 --candidate-limit 200 --top-k 10 --filter-mode tenant --tenant-count 4 --index-mode brute_force --storage-kind f32 --output /Users/jameskaranja/Developer/projects/SQLRight/project_plan/reports/p8_tenant_sweep_brute_force_tenants_4.json`
SQLRite benchmark: corpus=5000, queries=100, concurrency=1, index=brute_force, fusion=weighted, query_profile=balanced, tenant_filters=true, tenant_count=4, filter_mode=tenant
ingest_ms=204.10, query_ms=282.40, qps=354.11, top1_hit_rate=1.0000
ingest_chunks_per_sec=24497.26, dataset_payload_bytes=1539515, index_estimated_bytes=1550000, approx_working_set_bytes=3089515
latency_ms: avg=2.8164, p50=2.6168, p95=3.1612, p99=7.2427, min=2.5000, max=8.1354

$ env RUSTC_WRAPPER= cargo run --bin sqlrite-bench -- --corpus 5000 --queries 100 --warmup 20 --embedding-dim 64 --candidate-limit 200 --top-k 10 --filter-mode tenant --tenant-count 4 --index-mode hnsw_baseline --storage-kind f32 --output /Users/jameskaranja/Developer/projects/SQLRight/project_plan/reports/p8_tenant_sweep_hnsw_baseline_tenants_4.json
    Finished `dev` profile [unoptimized + debuginfo] target(s) in 0.10s
     Running `target/debug/sqlrite-bench --corpus 5000 --queries 100 --warmup 20 --embedding-dim 64 --candidate-limit 200 --top-k 10 --filter-mode tenant --tenant-count 4 --index-mode hnsw_baseline --storage-kind f32 --output /Users/jameskaranja/Developer/projects/SQLRight/project_plan/reports/p8_tenant_sweep_hnsw_baseline_tenants_4.json`
SQLRite benchmark: corpus=5000, queries=100, concurrency=1, index=hnsw_baseline, fusion=weighted, query_profile=balanced, tenant_filters=true, tenant_count=4, filter_mode=tenant
ingest_ms=205.90, query_ms=252.03, qps=396.78, top1_hit_rate=1.0000
ingest_chunks_per_sec=24283.39, dataset_payload_bytes=1539515, index_estimated_bytes=2830000, approx_working_set_bytes=4369515
latency_ms: avg=2.5120, p50=2.3613, p95=3.2870, p99=3.5588, min=2.2180, max=4.0820

$ env RUSTC_WRAPPER= cargo run --bin sqlrite-bench -- --corpus 5000 --queries 100 --warmup 20 --embedding-dim 64 --candidate-limit 200 --top-k 10 --filter-mode tenant --tenant-count 8 --index-mode brute_force --storage-kind f32 --output /Users/jameskaranja/Developer/projects/SQLRight/project_plan/reports/p8_tenant_sweep_brute_force_tenants_8.json
    Finished `dev` profile [unoptimized + debuginfo] target(s) in 0.11s
     Running `target/debug/sqlrite-bench --corpus 5000 --queries 100 --warmup 20 --embedding-dim 64 --candidate-limit 200 --top-k 10 --filter-mode tenant --tenant-count 8 --index-mode brute_force --storage-kind f32 --output /Users/jameskaranja/Developer/projects/SQLRight/project_plan/reports/p8_tenant_sweep_brute_force_tenants_8.json`
SQLRite benchmark: corpus=5000, queries=100, concurrency=1, index=brute_force, fusion=weighted, query_profile=balanced, tenant_filters=true, tenant_count=8, filter_mode=tenant
ingest_ms=206.49, query_ms=232.87, qps=429.42, top1_hit_rate=1.0000
ingest_chunks_per_sec=24213.90, dataset_payload_bytes=1539515, index_estimated_bytes=1550000, approx_working_set_bytes=3089515
latency_ms: avg=2.3218, p50=2.2910, p95=2.5768, p99=2.7131, min=2.2030, max=2.7210

$ env RUSTC_WRAPPER= cargo run --bin sqlrite-bench -- --corpus 5000 --queries 100 --warmup 20 --embedding-dim 64 --candidate-limit 200 --top-k 10 --filter-mode tenant --tenant-count 8 --index-mode hnsw_baseline --storage-kind f32 --output /Users/jameskaranja/Developer/projects/SQLRight/project_plan/reports/p8_tenant_sweep_hnsw_baseline_tenants_8.json
    Finished `dev` profile [unoptimized + debuginfo] target(s) in 0.09s
     Running `target/debug/sqlrite-bench --corpus 5000 --queries 100 --warmup 20 --embedding-dim 64 --candidate-limit 200 --top-k 10 --filter-mode tenant --tenant-count 8 --index-mode hnsw_baseline --storage-kind f32 --output /Users/jameskaranja/Developer/projects/SQLRight/project_plan/reports/p8_tenant_sweep_hnsw_baseline_tenants_8.json`
SQLRite benchmark: corpus=5000, queries=100, concurrency=1, index=hnsw_baseline, fusion=weighted, query_profile=balanced, tenant_filters=true, tenant_count=8, filter_mode=tenant
ingest_ms=213.31, query_ms=166.80, qps=599.51, top1_hit_rate=1.0000
ingest_chunks_per_sec=23439.78, dataset_payload_bytes=1539515, index_estimated_bytes=2830000, approx_working_set_bytes=4369515
latency_ms: avg=1.6609, p50=1.6263, p95=1.9124, p99=1.9750, min=1.5890, max=1.9974

$ env RUSTC_WRAPPER= cargo run --bin sqlrite-bench -- --corpus 5000 --queries 100 --warmup 20 --embedding-dim 64 --candidate-limit 200 --top-k 10 --filter-mode tenant --tenant-count 16 --index-mode brute_force --storage-kind f32 --output /Users/jameskaranja/Developer/projects/SQLRight/project_plan/reports/p8_tenant_sweep_brute_force_tenants_16.json
    Finished `dev` profile [unoptimized + debuginfo] target(s) in 0.11s
     Running `target/debug/sqlrite-bench --corpus 5000 --queries 100 --warmup 20 --embedding-dim 64 --candidate-limit 200 --top-k 10 --filter-mode tenant --tenant-count 16 --index-mode brute_force --storage-kind f32 --output /Users/jameskaranja/Developer/projects/SQLRight/project_plan/reports/p8_tenant_sweep_brute_force_tenants_16.json`
SQLRite benchmark: corpus=5000, queries=100, concurrency=1, index=brute_force, fusion=weighted, query_profile=balanced, tenant_filters=true, tenant_count=16, filter_mode=tenant
ingest_ms=203.85, query_ms=214.00, qps=467.29, top1_hit_rate=1.0000
ingest_chunks_per_sec=24527.98, dataset_payload_bytes=1539515, index_estimated_bytes=1550000, approx_working_set_bytes=3089515
latency_ms: avg=2.1331, p50=2.1115, p95=2.2261, p99=2.4891, min=2.0542, max=2.5481

$ env RUSTC_WRAPPER= cargo run --bin sqlrite-bench -- --corpus 5000 --queries 100 --warmup 20 --embedding-dim 64 --candidate-limit 200 --top-k 10 --filter-mode tenant --tenant-count 16 --index-mode hnsw_baseline --storage-kind f32 --output /Users/jameskaranja/Developer/projects/SQLRight/project_plan/reports/p8_tenant_sweep_hnsw_baseline_tenants_16.json
    Finished `dev` profile [unoptimized + debuginfo] target(s) in 0.09s
     Running `target/debug/sqlrite-bench --corpus 5000 --queries 100 --warmup 20 --embedding-dim 64 --candidate-limit 200 --top-k 10 --filter-mode tenant --tenant-count 16 --index-mode hnsw_baseline --storage-kind f32 --output /Users/jameskaranja/Developer/projects/SQLRight/project_plan/reports/p8_tenant_sweep_hnsw_baseline_tenants_16.json`
SQLRite benchmark: corpus=5000, queries=100, concurrency=1, index=hnsw_baseline, fusion=weighted, query_profile=balanced, tenant_filters=true, tenant_count=16, filter_mode=tenant
ingest_ms=203.95, query_ms=136.97, qps=730.06, top1_hit_rate=1.0000
ingest_chunks_per_sec=24516.24, dataset_payload_bytes=1539515, index_estimated_bytes=2830000, approx_working_set_bytes=4369515
latency_ms: avg=1.3630, p50=1.3462, p95=1.5266, p99=1.6232, min=1.3040, max=1.7082

$ env RUSTC_WRAPPER= cargo run --bin sqlrite-bench -- --corpus 5000 --queries 100 --warmup 20 --embedding-dim 64 --candidate-limit 200 --top-k 10 --filter-mode tenant --tenant-count 8 --index-mode brute_force --storage-kind f32 --output /Users/jameskaranja/Developer/projects/SQLRight/project_plan/reports/p8_filter_mode_brute_force_tenant.json
    Finished `dev` profile [unoptimized + debuginfo] target(s) in 0.09s
     Running `target/debug/sqlrite-bench --corpus 5000 --queries 100 --warmup 20 --embedding-dim 64 --candidate-limit 200 --top-k 10 --filter-mode tenant --tenant-count 8 --index-mode brute_force --storage-kind f32 --output /Users/jameskaranja/Developer/projects/SQLRight/project_plan/reports/p8_filter_mode_brute_force_tenant.json`
SQLRite benchmark: corpus=5000, queries=100, concurrency=1, index=brute_force, fusion=weighted, query_profile=balanced, tenant_filters=true, tenant_count=8, filter_mode=tenant
ingest_ms=210.77, query_ms=230.96, qps=432.97, top1_hit_rate=1.0000
ingest_chunks_per_sec=23722.99, dataset_payload_bytes=1539515, index_estimated_bytes=1550000, approx_working_set_bytes=3089515
latency_ms: avg=2.3025, p50=2.2736, p95=2.5403, p99=2.5819, min=2.2075, max=2.8855

$ env RUSTC_WRAPPER= cargo run --bin sqlrite-bench -- --corpus 5000 --queries 100 --warmup 20 --embedding-dim 64 --candidate-limit 200 --top-k 10 --filter-mode tenant --tenant-count 8 --index-mode hnsw_baseline --storage-kind f32 --output /Users/jameskaranja/Developer/projects/SQLRight/project_plan/reports/p8_filter_mode_hnsw_baseline_tenant.json
    Finished `dev` profile [unoptimized + debuginfo] target(s) in 0.09s
     Running `target/debug/sqlrite-bench --corpus 5000 --queries 100 --warmup 20 --embedding-dim 64 --candidate-limit 200 --top-k 10 --filter-mode tenant --tenant-count 8 --index-mode hnsw_baseline --storage-kind f32 --output /Users/jameskaranja/Developer/projects/SQLRight/project_plan/reports/p8_filter_mode_hnsw_baseline_tenant.json`
SQLRite benchmark: corpus=5000, queries=100, concurrency=1, index=hnsw_baseline, fusion=weighted, query_profile=balanced, tenant_filters=true, tenant_count=8, filter_mode=tenant
ingest_ms=271.27, query_ms=173.26, qps=577.17, top1_hit_rate=1.0000
ingest_chunks_per_sec=18431.95, dataset_payload_bytes=1539515, index_estimated_bytes=2830000, approx_working_set_bytes=4369515
latency_ms: avg=1.7253, p50=1.6497, p95=2.0633, p99=2.1377, min=1.5977, max=2.9690

$ env RUSTC_WRAPPER= cargo run --bin sqlrite-bench -- --corpus 5000 --queries 100 --warmup 20 --embedding-dim 64 --candidate-limit 200 --top-k 10 --filter-mode topic --tenant-count 8 --index-mode brute_force --storage-kind f32 --output /Users/jameskaranja/Developer/projects/SQLRight/project_plan/reports/p8_filter_mode_brute_force_topic.json
    Finished `dev` profile [unoptimized + debuginfo] target(s) in 0.09s
     Running `target/debug/sqlrite-bench --corpus 5000 --queries 100 --warmup 20 --embedding-dim 64 --candidate-limit 200 --top-k 10 --filter-mode topic --tenant-count 8 --index-mode brute_force --storage-kind f32 --output /Users/jameskaranja/Developer/projects/SQLRight/project_plan/reports/p8_filter_mode_brute_force_topic.json`
SQLRite benchmark: corpus=5000, queries=100, concurrency=1, index=brute_force, fusion=weighted, query_profile=balanced, tenant_filters=false, tenant_count=8, filter_mode=topic
ingest_ms=209.34, query_ms=230.85, qps=433.19, top1_hit_rate=1.0000
ingest_chunks_per_sec=23884.65, dataset_payload_bytes=1539515, index_estimated_bytes=1550000, approx_working_set_bytes=3089515
latency_ms: avg=2.3016, p50=2.2740, p95=2.4636, p99=2.6028, min=2.2289, max=2.6513

$ env RUSTC_WRAPPER= cargo run --bin sqlrite-bench -- --corpus 5000 --queries 100 --warmup 20 --embedding-dim 64 --candidate-limit 200 --top-k 10 --filter-mode topic --tenant-count 8 --index-mode hnsw_baseline --storage-kind f32 --output /Users/jameskaranja/Developer/projects/SQLRight/project_plan/reports/p8_filter_mode_hnsw_baseline_topic.json
    Finished `dev` profile [unoptimized + debuginfo] target(s) in 0.10s
     Running `target/debug/sqlrite-bench --corpus 5000 --queries 100 --warmup 20 --embedding-dim 64 --candidate-limit 200 --top-k 10 --filter-mode topic --tenant-count 8 --index-mode hnsw_baseline --storage-kind f32 --output /Users/jameskaranja/Developer/projects/SQLRight/project_plan/reports/p8_filter_mode_hnsw_baseline_topic.json`
SQLRite benchmark: corpus=5000, queries=100, concurrency=1, index=hnsw_baseline, fusion=weighted, query_profile=balanced, tenant_filters=false, tenant_count=8, filter_mode=topic
ingest_ms=208.00, query_ms=170.44, qps=586.73, top1_hit_rate=1.0000
ingest_chunks_per_sec=24038.10, dataset_payload_bytes=1539515, index_estimated_bytes=2830000, approx_working_set_bytes=4369515
latency_ms: avg=1.6973, p50=1.6555, p95=1.9006, p99=2.0998, min=1.5798, max=2.4126

$ env RUSTC_WRAPPER= cargo run --bin sqlrite-bench -- --corpus 5000 --queries 100 --warmup 20 --embedding-dim 64 --candidate-limit 200 --top-k 10 --filter-mode tenant_and_topic --tenant-count 8 --index-mode brute_force --storage-kind f32 --output /Users/jameskaranja/Developer/projects/SQLRight/project_plan/reports/p8_filter_mode_brute_force_tenant_and_topic.json
    Finished `dev` profile [unoptimized + debuginfo] target(s) in 0.10s
     Running `target/debug/sqlrite-bench --corpus 5000 --queries 100 --warmup 20 --embedding-dim 64 --candidate-limit 200 --top-k 10 --filter-mode tenant_and_topic --tenant-count 8 --index-mode brute_force --storage-kind f32 --output /Users/jameskaranja/Developer/projects/SQLRight/project_plan/reports/p8_filter_mode_brute_force_tenant_and_topic.json`
SQLRite benchmark: corpus=5000, queries=100, concurrency=1, index=brute_force, fusion=weighted, query_profile=balanced, tenant_filters=true, tenant_count=8, filter_mode=tenant_and_topic
ingest_ms=211.17, query_ms=252.58, qps=395.91, top1_hit_rate=1.0000
ingest_chunks_per_sec=23678.06, dataset_payload_bytes=1539515, index_estimated_bytes=1550000, approx_working_set_bytes=3089515
latency_ms: avg=2.5182, p50=2.4415, p95=2.7889, p99=3.2508, min=2.3321, max=4.1602

$ env RUSTC_WRAPPER= cargo run --bin sqlrite-bench -- --corpus 5000 --queries 100 --warmup 20 --embedding-dim 64 --candidate-limit 200 --top-k 10 --filter-mode tenant_and_topic --tenant-count 8 --index-mode hnsw_baseline --storage-kind f32 --output /Users/jameskaranja/Developer/projects/SQLRight/project_plan/reports/p8_filter_mode_hnsw_baseline_tenant_and_topic.json
    Finished `dev` profile [unoptimized + debuginfo] target(s) in 0.10s
     Running `target/debug/sqlrite-bench --corpus 5000 --queries 100 --warmup 20 --embedding-dim 64 --candidate-limit 200 --top-k 10 --filter-mode tenant_and_topic --tenant-count 8 --index-mode hnsw_baseline --storage-kind f32 --output /Users/jameskaranja/Developer/projects/SQLRight/project_plan/reports/p8_filter_mode_hnsw_baseline_tenant_and_topic.json`
SQLRite benchmark: corpus=5000, queries=100, concurrency=1, index=hnsw_baseline, fusion=weighted, query_profile=balanced, tenant_filters=true, tenant_count=8, filter_mode=tenant_and_topic
ingest_ms=208.05, query_ms=187.79, qps=532.52, top1_hit_rate=1.0000
ingest_chunks_per_sec=24033.12, dataset_payload_bytes=1539515, index_estimated_bytes=2830000, approx_working_set_bytes=4369515
latency_ms: avg=1.8704, p50=1.7669, p95=2.0170, p99=5.0925, min=1.7145, max=5.2091
