== init with ANN persistence enabled ==
    Finished `dev` profile [unoptimized + debuginfo] target(s) in 0.01s
     Running `target/debug/sqlrite init --db project_plan/reports/s09_ann_persistence.db --seed-demo --profile balanced --index-mode hnsw_baseline`
initialized SQLRite database
- path=project_plan/reports/s09_ann_persistence.db
- schema_version=3
- chunk_count=3
- profile=balanced
- index_mode=hnsw_baseline
== doctor json ==
    Finished `dev` profile [unoptimized + debuginfo] target(s) in 0.02s
     Running `target/debug/sqlrite doctor --db project_plan/reports/s09_ann_persistence.db --profile balanced --index-mode hnsw_baseline --json`
{
  "version": "0.1.0",
  "os": "macos",
  "arch": "aarch64",
  "cwd": "/Users/jameskaranja/Developer/projects/SQLRight",
  "binary_path": "/Users/jameskaranja/Developer/projects/SQLRight/target/debug/sqlrite",
  "path_contains_local_bin": true,
  "local_bin": "/Users/jameskaranja/.local/bin",
  "rustc_version": "rustc 1.92.0 (ded5c06cf 2025-12-08)",
  "cargo_version": "cargo 1.92.0 (344c4567c 2025-10-21)",
  "supported_profiles": [
    "balanced",
    "durable",
    "fast_unsafe"
  ],
  "supported_index_modes": [
    "brute_force",
    "lsh_ann",
    "hnsw_baseline",
    "disabled"
  ],
  "supported_vector_storage": [
    "f32",
    "f16",
    "int8"
  ],
  "in_memory_integrity_ok": true,
  "db": {
    "path": "project_plan/reports/s09_ann_persistence.db",
    "existed_before": true,
    "parent_writable": true,
    "profile": "balanced",
    "requested_index_mode": "hnsw_baseline",
    "requested_vector_storage": "int8",
    "integrity_ok": true,
    "schema_version": 3,
    "chunk_count": 3,
    "active_index_mode": "hnsw_baseline",
    "active_storage_kind": "int8",
    "index_entries": 3,
    "index_estimated_memory_bytes": 4951,
    "sqlite_mmap_size_bytes": 268435456,
    "sqlite_cache_size_kib": 65536
  },
  "recommendations": []
}
== snapshot file ==
-rw-r--r--@ 1 jameskaranja  staff  679 Feb 28 12:26 project_plan/reports/.s09_ann_persistence.db.ann.hnsw_baseline.int8.json
