=== quickstart default ===
    Finished `dev` profile [unoptimized + debuginfo] target(s) in 0.02s
     Running `target/debug/sqlrite quickstart --db project_plan/reports/s10_quickstart_default.db --runs 7 --max-median-ms 180000 --min-success-rate 0.95 --json --output project_plan/reports/s10_quickstart_default.json`
{
  "version": "0.1.0",
  "generated_at_unix_ms": 1772270846454,
  "os": "macos",
  "arch": "aarch64",
  "db_path": "project_plan/reports/s10_quickstart_default.db",
  "profile": "balanced",
  "index_mode": "brute_force",
  "runs": 7,
  "successful_runs": 7,
  "success_rate": 1.0,
  "median_total_ms": 2.243416,
  "median_query_ms": 0.249167,
  "p95_total_ms": 10.563041,
  "max_total_ms": 10.563041,
  "gate_max_median_ms": 180000.0,
  "gate_max_median_ms_passed": true,
  "gate_min_success_rate": 0.95,
  "gate_min_success_rate_passed": true,
  "runs_report": [
    {
      "run": 1,
      "db_path": "project_plan/reports/s10_quickstart_default.db",
      "init_ms": 9.716166999999999,
      "query_ms": 0.846375,
      "total_ms": 10.563041,
      "chunk_count": 3,
      "result_count": 3,
      "success": true,
      "first_chunk_id": "demo-1",
      "first_doc_id": "doc-a",
      "first_hybrid_score": 1.0,
      "error": null
    },
    {
      "run": 2,
      "db_path": "project_plan/reports/s10_quickstart_default.db",
      "init_ms": 3.351083,
      "query_ms": 0.21316600000000002,
      "total_ms": 3.5645,
      "chunk_count": 3,
      "result_count": 3,
      "success": true,
      "first_chunk_id": "demo-1",
      "first_doc_id": "doc-a",
      "first_hybrid_score": 1.0,
      "error": null
    },
    {
      "run": 3,
      "db_path": "project_plan/reports/s10_quickstart_default.db",
      "init_ms": 1.867959,
      "query_ms": 0.249167,
      "total_ms": 2.1172500000000003,
      "chunk_count": 3,
      "result_count": 3,
      "success": true,
      "first_chunk_id": "demo-1",
      "first_doc_id": "doc-a",
      "first_hybrid_score": 1.0,
      "error": null
    },
    {
      "run": 4,
      "db_path": "project_plan/reports/s10_quickstart_default.db",
      "init_ms": 2.722708,
      "query_ms": 0.277791,
      "total_ms": 3.000625,
      "chunk_count": 3,
      "result_count": 3,
      "success": true,
      "first_chunk_id": "demo-1",
      "first_doc_id": "doc-a",
      "first_hybrid_score": 1.0,
      "error": null
    },
    {
      "run": 5,
      "db_path": "project_plan/reports/s10_quickstart_default.db",
      "init_ms": 2.066291,
      "query_ms": 0.177042,
      "total_ms": 2.243416,
      "chunk_count": 3,
      "result_count": 3,
      "success": true,
      "first_chunk_id": "demo-1",
      "first_doc_id": "doc-a",
      "first_hybrid_score": 1.0,
      "error": null
    },
    {
      "run": 6,
      "db_path": "project_plan/reports/s10_quickstart_default.db",
      "init_ms": 1.905625,
      "query_ms": 0.160625,
      "total_ms": 2.066333,
      "chunk_count": 3,
      "result_count": 3,
      "success": true,
      "first_chunk_id": "demo-1",
      "first_doc_id": "doc-a",
      "first_hybrid_score": 1.0,
      "error": null
    },
    {
      "run": 7,
      "db_path": "project_plan/reports/s10_quickstart_default.db",
      "init_ms": 1.706125,
      "query_ms": 0.27191699999999996,
      "total_ms": 1.9782089999999999,
      "chunk_count": 3,
      "result_count": 3,
      "success": true,
      "first_chunk_id": "demo-1",
      "first_doc_id": "doc-a",
      "first_hybrid_score": 1.0,
      "error": null
    }
  ]
}
=== quickstart tuned mmap/cache ===
    Finished `dev` profile [unoptimized + debuginfo] target(s) in 0.02s
     Running `target/debug/sqlrite quickstart --db project_plan/reports/s10_quickstart_tuned.db --runs 7 --max-median-ms 180000 --min-success-rate 0.95 --json --output project_plan/reports/s10_quickstart_tuned.json`
{
  "version": "0.1.0",
  "generated_at_unix_ms": 1772270846944,
  "os": "macos",
  "arch": "aarch64",
  "db_path": "project_plan/reports/s10_quickstart_tuned.db",
  "profile": "balanced",
  "index_mode": "brute_force",
  "runs": 7,
  "successful_runs": 7,
  "success_rate": 1.0,
  "median_total_ms": 2.087458,
  "median_query_ms": 0.20133299999999998,
  "p95_total_ms": 8.808459,
  "max_total_ms": 8.808459,
  "gate_max_median_ms": 180000.0,
  "gate_max_median_ms_passed": true,
  "gate_min_success_rate": 0.95,
  "gate_min_success_rate_passed": true,
  "runs_report": [
    {
      "run": 1,
      "db_path": "project_plan/reports/s10_quickstart_tuned.db",
      "init_ms": 8.152958,
      "query_ms": 0.654917,
      "total_ms": 8.808459,
      "chunk_count": 3,
      "result_count": 3,
      "success": true,
      "first_chunk_id": "demo-1",
      "first_doc_id": "doc-a",
      "first_hybrid_score": 1.0,
      "error": null
    },
    {
      "run": 2,
      "db_path": "project_plan/reports/s10_quickstart_tuned.db",
      "init_ms": 4.906958,
      "query_ms": 0.22024999999999997,
      "total_ms": 5.127333,
      "chunk_count": 3,
      "result_count": 3,
      "success": true,
      "first_chunk_id": "demo-1",
      "first_doc_id": "doc-a",
      "first_hybrid_score": 1.0,
      "error": null
    },
    {
      "run": 3,
      "db_path": "project_plan/reports/s10_quickstart_tuned.db",
      "init_ms": 1.8855840000000001,
      "query_ms": 0.180292,
      "total_ms": 2.065959,
      "chunk_count": 3,
      "result_count": 3,
      "success": true,
      "first_chunk_id": "demo-1",
      "first_doc_id": "doc-a",
      "first_hybrid_score": 1.0,
      "error": null
    },
    {
      "run": 4,
      "db_path": "project_plan/reports/s10_quickstart_tuned.db",
      "init_ms": 1.875458,
      "query_ms": 0.211917,
      "total_ms": 2.087458,
      "chunk_count": 3,
      "result_count": 3,
      "success": true,
      "first_chunk_id": "demo-1",
      "first_doc_id": "doc-a",
      "first_hybrid_score": 1.0,
      "error": null
    },
    {
      "run": 5,
      "db_path": "project_plan/reports/s10_quickstart_tuned.db",
      "init_ms": 3.2443329999999997,
      "query_ms": 0.20133299999999998,
      "total_ms": 3.4457910000000003,
      "chunk_count": 3,
      "result_count": 3,
      "success": true,
      "first_chunk_id": "demo-1",
      "first_doc_id": "doc-a",
      "first_hybrid_score": 1.0,
      "error": null
    },
    {
      "run": 6,
      "db_path": "project_plan/reports/s10_quickstart_tuned.db",
      "init_ms": 1.733375,
      "query_ms": 0.186833,
      "total_ms": 1.920292,
      "chunk_count": 3,
      "result_count": 3,
      "success": true,
      "first_chunk_id": "demo-1",
      "first_doc_id": "doc-a",
      "first_hybrid_score": 1.0,
      "error": null
    },
    {
      "run": 7,
      "db_path": "project_plan/reports/s10_quickstart_tuned.db",
      "init_ms": 1.84225,
      "query_ms": 0.171125,
      "total_ms": 2.013458,
      "chunk_count": 3,
      "result_count": 3,
      "success": true,
      "first_chunk_id": "demo-1",
      "first_doc_id": "doc-a",
      "first_hybrid_score": 1.0,
      "error": null
    }
  ]
}
=== doctor tuned json ===
    Finished `dev` profile [unoptimized + debuginfo] target(s) in 0.02s
     Running `target/debug/sqlrite doctor --db project_plan/reports/s10_quickstart_tuned.db --profile balanced --index-mode brute_force --json`
{
  "version": "0.1.0",
  "os": "macos",
  "arch": "aarch64",
  "cwd": "/Users/jameskaranja/Developer/projects/SQLRight",
  "binary_path": "/Users/jameskaranja/Developer/projects/SQLRight/target/debug/sqlrite",
  "path_contains_local_bin": true,
  "local_bin": "/Users/jameskaranja/.local/bin",
  "rustc_version": "rustc 1.92.0 (ded5c06cf 2025-12-08)",
  "cargo_version": "cargo 1.92.0 (344c4567c 2025-10-21)",
  "supported_profiles": [
    "balanced",
    "durable",
    "fast_unsafe"
  ],
  "supported_index_modes": [
    "brute_force",
    "lsh_ann",
    "hnsw_baseline",
    "disabled"
  ],
  "supported_vector_storage": [
    "f32",
    "f16",
    "int8"
  ],
  "in_memory_integrity_ok": true,
  "db": {
    "path": "project_plan/reports/s10_quickstart_tuned.db",
    "existed_before": true,
    "parent_writable": true,
    "profile": "balanced",
    "requested_index_mode": "brute_force",
    "requested_vector_storage": "f32",
    "integrity_ok": true,
    "schema_version": 3,
    "chunk_count": 3,
    "active_index_mode": "brute_force",
    "active_storage_kind": "f32",
    "index_entries": 3,
    "index_estimated_memory_bytes": 174,
    "sqlite_mmap_size_bytes": 536870912,
    "sqlite_cache_size_kib": 131072
  },
  "recommendations": []
}
