workspace=/var/folders/6r/n_qn86p536z5lp0d64x66bbm0000gn/T/tmp.GcaYM0p4cw
    Finished `dev` profile [unoptimized + debuginfo] target(s) in 0.11s
     Running `target/debug/sqlrite init --db /var/folders/6r/n_qn86p536z5lp0d64x66bbm0000gn/T/tmp.GcaYM0p4cw/s11_compact_dedupe.db --profile balanced --index-mode hnsw_baseline`
initialized SQLRite database
- path=/var/folders/6r/n_qn86p536z5lp0d64x66bbm0000gn/T/tmp.GcaYM0p4cw/s11_compact_dedupe.db
- schema_version=3
- chunk_count=0
- profile=balanced
- index_mode=hnsw_baseline
    Finished `dev` profile [unoptimized + debuginfo] target(s) in 0.02s
     Running `target/debug/sqlrite ingest --db /var/folders/6r/n_qn86p536z5lp0d64x66bbm0000gn/T/tmp.GcaYM0p4cw/s11_compact_dedupe.db --profile balanced --index-mode hnsw_baseline --id dup-1 --doc-id doc-dedupe --content 'duplicate candidate one' --embedding 1,0 --metadata '{"tenant":"acme","content_hash":"dup-hash"}'`
ingested 1 chunk
- db=/var/folders/6r/n_qn86p536z5lp0d64x66bbm0000gn/T/tmp.GcaYM0p4cw/s11_compact_dedupe.db
- chunk_count=1
    Finished `dev` profile [unoptimized + debuginfo] target(s) in 0.02s
     Running `target/debug/sqlrite ingest --db /var/folders/6r/n_qn86p536z5lp0d64x66bbm0000gn/T/tmp.GcaYM0p4cw/s11_compact_dedupe.db --profile balanced --index-mode hnsw_baseline --id dup-2 --doc-id doc-dedupe --content 'duplicate candidate two' --embedding 0.99,0.01 --metadata '{"tenant":"acme","content_hash":"dup-hash"}'`
ingested 1 chunk
- db=/var/folders/6r/n_qn86p536z5lp0d64x66bbm0000gn/T/tmp.GcaYM0p4cw/s11_compact_dedupe.db
- chunk_count=2
    Finished `dev` profile [unoptimized + debuginfo] target(s) in 0.02s
     Running `target/debug/sqlrite ingest --db /var/folders/6r/n_qn86p536z5lp0d64x66bbm0000gn/T/tmp.GcaYM0p4cw/s11_compact_dedupe.db --profile balanced --index-mode hnsw_baseline --id keep-1 --doc-id doc-dedupe --content 'unique payload' --embedding 0,1 --metadata '{"tenant":"acme","content_hash":"unique-hash"}'`
ingested 1 chunk
- db=/var/folders/6r/n_qn86p536z5lp0d64x66bbm0000gn/T/tmp.GcaYM0p4cw/s11_compact_dedupe.db
- chunk_count=3
    Finished `dev` profile [unoptimized + debuginfo] target(s) in 0.02s
     Running `target/debug/sqlrite compact --db /var/folders/6r/n_qn86p536z5lp0d64x66bbm0000gn/T/tmp.GcaYM0p4cw/s11_compact_dedupe.db --profile balanced --index-mode hnsw_baseline --json`
{
  "before_chunks": 3,
  "after_chunks": 2,
  "removed_chunks": 1,
  "deduplicated_chunks": 1,
  "before_documents": 1,
  "after_documents": 1,
  "orphan_documents_removed": 0,
  "wal_checkpoint_applied": true,
  "analyze_applied": true,
  "vacuum_applied": true,
  "vector_index_rebuilt": true,
  "database_size_before_bytes": 81920,
  "database_size_after_bytes": 81920,
  "reclaimed_bytes": 0,
  "duration_ms": 5.979959
}
