workspace=/var/folders/6r/n_qn86p536z5lp0d64x66bbm0000gn/T/tmp.aMNTm6YTrB
source_file=/var/folders/6r/n_qn86p536z5lp0d64x66bbm0000gn/T/tmp.aMNTm6YTrB/s11_source.txt
 4597788 /var/folders/6r/n_qn86p536z5lp0d64x66bbm0000gn/T/tmp.aMNTm6YTrB/s11_source.txt
== baseline ingest (no adaptive batching) ==
   Compiling sqlrite v0.1.0 (/Users/jameskaranja/Developer/projects/SQLRight)
    Finished `dev` profile [unoptimized + debuginfo] target(s) in 1.88s
     Running `target/debug/sqlrite init --db /var/folders/6r/n_qn86p536z5lp0d64x66bbm0000gn/T/tmp.aMNTm6YTrB/baseline.db --profile balanced --index-mode hnsw_baseline`
initialized SQLRite database
- path=/var/folders/6r/n_qn86p536z5lp0d64x66bbm0000gn/T/tmp.aMNTm6YTrB/baseline.db
- schema_version=3
- chunk_count=0
- profile=balanced
- index_mode=hnsw_baseline
   Compiling sqlrite v0.1.0 (/Users/jameskaranja/Developer/projects/SQLRight)
    Finished `dev` profile [unoptimized + debuginfo] target(s) in 0.20s
     Running `target/debug/sqlrite-ingest --db /var/folders/6r/n_qn86p536z5lp0d64x66bbm0000gn/T/tmp.aMNTm6YTrB/baseline.db --job-id s11-baseline --doc-id doc-s11 --source-id source-s11 --tenant acme --file /var/folders/6r/n_qn86p536z5lp0d64x66bbm0000gn/T/tmp.aMNTm6YTrB/s11_source.txt --chunking fixed --max-chars 240 --overlap-chars 24 --batch-size 64 --no-adaptive-batching --max-batch-size 64 --target-batch-ms 80 --json --output project_plan/reports/s11_ingest_no_adaptive.json`
{
  "total_chunks": 21286,
  "processed_chunks": 21286,
  "failed_chunks": 0,
  "resumed_from_chunk": 0,
  "duration_ms": 1678.901583,
  "throughput_chunks_per_minute": 760711.6539361795,
  "average_batch_size": 63.92192192192192,
  "peak_batch_size": 64,
  "batch_count": 333,
  "adaptive_batching": false,
  "provider": "deterministic_local",
  "model_version": "det-v1",
  "source": "/var/folders/6r/n_qn86p536z5lp0d64x66bbm0000gn/T/tmp.aMNTm6YTrB/s11_source.txt"
}
== adaptive ingest ==
    Finished `dev` profile [unoptimized + debuginfo] target(s) in 0.01s
     Running `target/debug/sqlrite init --db /var/folders/6r/n_qn86p536z5lp0d64x66bbm0000gn/T/tmp.aMNTm6YTrB/adaptive.db --profile balanced --index-mode hnsw_baseline`
initialized SQLRite database
- path=/var/folders/6r/n_qn86p536z5lp0d64x66bbm0000gn/T/tmp.aMNTm6YTrB/adaptive.db
- schema_version=3
- chunk_count=0
- profile=balanced
- index_mode=hnsw_baseline
    Finished `dev` profile [unoptimized + debuginfo] target(s) in 0.01s
     Running `target/debug/sqlrite-ingest --db /var/folders/6r/n_qn86p536z5lp0d64x66bbm0000gn/T/tmp.aMNTm6YTrB/adaptive.db --job-id s11-adaptive --doc-id doc-s11 --source-id source-s11 --tenant acme --file /var/folders/6r/n_qn86p536z5lp0d64x66bbm0000gn/T/tmp.aMNTm6YTrB/s11_source.txt --chunking fixed --max-chars 240 --overlap-chars 24 --batch-size 64 --adaptive-batching --max-batch-size 1024 --target-batch-ms 80 --json --output project_plan/reports/s11_ingest_adaptive.json`
{
  "total_chunks": 21286,
  "processed_chunks": 21286,
  "failed_chunks": 0,
  "resumed_from_chunk": 0,
  "duration_ms": 1435.283041,
  "throughput_chunks_per_minute": 889831.4572923321,
  "average_batch_size": 788.3703703703703,
  "peak_batch_size": 1024,
  "batch_count": 27,
  "adaptive_batching": true,
  "provider": "deterministic_local",
  "model_version": "det-v1",
  "source": "/var/folders/6r/n_qn86p536z5lp0d64x66bbm0000gn/T/tmp.aMNTm6YTrB/s11_source.txt"
}
== compaction on adaptive DB ==
    Finished `dev` profile [unoptimized + debuginfo] target(s) in 0.01s
     Running `target/debug/sqlrite compact --db /var/folders/6r/n_qn86p536z5lp0d64x66bbm0000gn/T/tmp.aMNTm6YTrB/adaptive.db --profile balanced --index-mode hnsw_baseline --json`
{
  "before_chunks": 21286,
  "after_chunks": 21286,
  "removed_chunks": 0,
  "deduplicated_chunks": 0,
  "before_documents": 1,
  "after_documents": 1,
  "orphan_documents_removed": 0,
  "wal_checkpoint_applied": true,
  "analyze_applied": true,
  "vacuum_applied": true,
  "vector_index_rebuilt": false,
  "database_size_before_bytes": 54239232,
  "database_size_after_bytes": 53534720,
  "reclaimed_bytes": 704512,
  "duration_ms": 190.394458
}
== doctor after compaction ==
    Finished `dev` profile [unoptimized + debuginfo] target(s) in 0.03s
     Running `target/debug/sqlrite doctor --db /var/folders/6r/n_qn86p536z5lp0d64x66bbm0000gn/T/tmp.aMNTm6YTrB/adaptive.db --profile balanced --index-mode hnsw_baseline --json`
{
  "version": "0.1.0",
  "os": "macos",
  "arch": "aarch64",
  "cwd": "/Users/jameskaranja/Developer/projects/SQLRight",
  "binary_path": "/Users/jameskaranja/Developer/projects/SQLRight/target/debug/sqlrite",
  "path_contains_local_bin": true,
  "local_bin": "/Users/jameskaranja/.local/bin",
  "rustc_version": "rustc 1.92.0 (ded5c06cf 2025-12-08)",
  "cargo_version": "cargo 1.92.0 (344c4567c 2025-10-21)",
  "supported_profiles": [
    "balanced",
    "durable",
    "fast_unsafe"
  ],
  "supported_index_modes": [
    "brute_force",
    "lsh_ann",
    "hnsw_baseline",
    "disabled"
  ],
  "supported_vector_storage": [
    "f32",
    "f16",
    "int8"
  ],
  "in_memory_integrity_ok": true,
  "db": {
    "path": "/var/folders/6r/n_qn86p536z5lp0d64x66bbm0000gn/T/tmp.aMNTm6YTrB/adaptive.db",
    "existed_before": true,
    "parent_writable": true,
    "profile": "balanced",
    "requested_index_mode": "hnsw_baseline",
    "requested_vector_storage": "f32",
    "integrity_ok": true,
    "schema_version": 3,
    "chunk_count": 21286,
    "active_index_mode": "hnsw_baseline",
    "active_storage_kind": "f32",
    "index_entries": 21286,
    "index_estimated_memory_bytes": 26028406,
    "sqlite_mmap_size_bytes": 268435456,
    "sqlite_cache_size_kib": 65536
  },
  "recommendations": []
}
