[readyz-initial]
{"active_chaos_faults":0,"commit_index":0,"ha_enabled":true,"last_log_index":0,"leader_id":null,"ready":false,"role":"replica","schema_version":3,"term":0}\n[heartbeat-and-auto-failover]
{"accepted":true,"commit_index":0,"last_applied_index":0,"leader_id":"node-a","role":"replica","term":1}{"event":{"failover_duration_ms":0,"leader_id":"node-b","promoted":true,"reason":"s19_soak_promote","term":2},"resilience":{"active_failover_started_unix_ms":null,"active_restore_started_unix_ms":null,"avg_failover_duration_ms":0.0,"avg_restore_duration_ms":0.0,"chaos_active_faults":0,"chaos_blocked_requests_total":0,"chaos_injections_total":0,"failover_completed_total":1,"failover_events_total":1,"last_failover_duration_ms":0,"last_restore_duration_ms":null,"restore_completed_total":0,"restore_events_total":0},"state":{"commit_index":0,"current_term":2,"failover_in_progress":false,"last_applied_index":0,"last_heartbeat_unix_ms":1772390939142,"last_log_index":1,"last_log_term":2,"last_recovery_event":null,"last_transition_unix_ms":1772390939151,"leader_id":"node-b","replication_lag_ms":5,"role":"primary","voted_for":"node-b"},"triggered":true}\n[snapshot-and-verify-restore]
{"backup_dir":"project_plan/reports/s19_backups","snapshot":{"chunk_count":3,"created_unix_ms":1772390939163,"integrity_ok":true,"note":"s19_gameday_snapshot","schema_version":3,"size_bytes":110592,"snapshot_id":"snap-1772390939163","snapshot_path":"project_plan/reports/s19_backups/snapshots/snap-1772390939163-s19_gameday_snapshot.db","source_db_path":"project_plan/reports/s19_dr_gameday.db"}}{"artifact_kept":false,"restore_artifact_path":"project_plan/reports/s19_backups/restore_verification/verify-snap-1772390939163-1772390939175.db","restore_verified":true,"selected_snapshot":{"chunk_count":3,"created_unix_ms":1772390939163,"integrity_ok":true,"note":"s19_gameday_snapshot","schema_version":3,"size_bytes":110592,"snapshot_id":"snap-1772390939163","snapshot_path":"project_plan/reports/s19_backups/snapshots/snap-1772390939163-s19_gameday_snapshot.db","source_db_path":"project_plan/reports/s19_dr_gameday.db"},"verification":{"chunk_count":3,"integrity_check_ok":true,"schema_version":3,"vector_index_entries":3,"vector_index_estimated_memory_bytes":174,"vector_index_mode":"brute_force","vector_index_storage_kind":"f32"}}\n[chaos-partition]
{"chaos":{"active_fault_count":1,"faults":[{"blocked_nodes":[],"duration_ms":null,"injected_at_unix_ms":1772390939190,"note":"s19_partition","scenario":"partition_subset"}]},"scenario":"partition_subset","status":"injected"}heartbeat_during_partition_status=503
{"error":"chaos fault active: partition_subset","path":"/control/v1/election/heartbeat"}{"chaos":{"active_fault_count":0,"faults":[]},"scenario":null,"status":"cleared"}\n[chaos-disk-full]
{"chaos":{"active_fault_count":1,"faults":[{"blocked_nodes":[],"duration_ms":null,"injected_at_unix_ms":1772390939219,"note":"s19_disk","scenario":"disk_full"}]},"scenario":"disk_full","status":"injected"}append_during_disk_full_status=507
{"error":"chaos fault active: disk_full","path":"/control/v1/replication/append"}{"chaos":{"active_fault_count":0,"faults":[]},"scenario":null,"status":"cleared"}\n[chaos-node-crash]
{"chaos":{"active_fault_count":1,"faults":[{"blocked_nodes":[],"duration_ms":null,"injected_at_unix_ms":1772390939247,"note":"s19_node_crash","scenario":"node_crash"}]},"scenario":"node_crash","status":"injected"}readyz_during_node_crash_status=503
{"error":"chaos fault active: node_crash","path":"/readyz"}{"chaos":{"active_fault_count":0,"faults":[]},"scenario":null,"status":"cleared"}\n[reset-observability-window]
{"observability":{"alert_simulations_total":0,"requests_client_errors_total":0,"requests_server_errors_total":0,"requests_total":0,"sql_avg_latency_ms":0.0,"sql_latency_max_ms":0,"sql_requests_failed_total":0,"sql_requests_total":0,"trace_buffered":0,"trace_capacity":512},"status":"reset"}\n[soak-loop]
soak_total=200
soak_success=200
soak_fail=0
\n[slo-report-endpoint]
{"availability":{"observed_percent":100.0,"passes_target":true,"requests_total":202,"server_errors_total":0,"target_percent":99.95},"observability":{"alert_simulations_total":0,"requests_client_errors_total":0,"requests_server_errors_total":0,"requests_total":202,"sql_avg_latency_ms":0.0,"sql_latency_max_ms":0,"sql_requests_failed_total":0,"sql_requests_total":0,"trace_buffered":202,"trace_capacity":512},"resilience":{"active_failover_started_unix_ms":null,"active_restore_started_unix_ms":null,"avg_failover_duration_ms":0.0,"avg_restore_duration_ms":1.0,"chaos_active_faults":0,"chaos_blocked_requests_total":3,"chaos_injections_total":3,"failover_completed_total":1,"failover_events_total":1,"last_failover_duration_ms":0,"last_restore_duration_ms":1,"restore_completed_total":1,"restore_events_total":1},"rpo":{"observed_seconds":0.005,"passes_target":true,"target_seconds":60.0}}\n[s19-summary]
{
  "soak_total_requests": 200,
  "soak_success_requests": 200,
  "soak_server_error_requests": 0,
  "availability_percent": 100.0000,
  "availability_target_percent": 99.95,
  "availability_pass": true,
  "observed_rpo_seconds": 0.0050,
  "rpo_target_seconds": 60.0,
  "rpo_pass": true,
  "chaos_validation": {
    "partition_status_code": 503,
    "disk_full_status_code": 507,
    "node_crash_status_code": 503
  }
}
\n[s19-gameday-complete] log=project_plan/reports/s19_dr_gameday.log summary=project_plan/reports/s19_soak_slo_summary.json
