[build] cargo build --bin sqlrite --bin sqlrite-grpc-client
[start-grpc-server] addr=127.0.0.1:50091
[health]
{
  "status": "ok",
  "version": "0.1.0"
}
[query]
{
  "kind": "query",
  "row_count": 2,
  "rows": [
    {
      "chunk_id": "demo-1",
      "content": "Rust and SQLite are ideal for local-first AI agents.",
      "doc_id": "doc-a",
      "hybrid_score": 0.0,
      "metadata": {
        "tenant": "demo",
        "topic": "agent-memory"
      },
      "text_score": 0.0,
      "vector_score": 0.0
    },
    {
      "chunk_id": "demo-2",
      "content": "Hybrid retrieval mixes vector search with keyword signals.",
      "doc_id": "doc-b",
      "hybrid_score": 0.0,
      "metadata": {
        "tenant": "demo",
        "topic": "retrieval"
      },
      "text_score": 0.0,
      "vector_score": 0.0
    }
  ]
}
[sql]
{
  "elapsed_ms": 0.038333,
  "kind": "query",
  "rewritten_statement": "SELECT id, doc_id FROM chunks ORDER BY id ASC LIMIT 2;",
  "row_count": 2,
  "rows": [
    {
      "doc_id": "doc-a",
      "id": "demo-1"
    },
    {
      "doc_id": "doc-b",
      "id": "demo-2"
    }
  ],
  "statement": "SELECT id, doc_id FROM chunks ORDER BY id ASC LIMIT 2;"
}
[assertions]
grpc_health_ok=ok
grpc_query_contract=ok
grpc_sql_contract=ok
[s22-grpc-sdk-smoke-complete] log=project_plan/reports/s22_grpc_sdk_smoke.log
