[python-sdk-tests]
[python-sdk-build]
running egg_info
writing sqlrite_sdk.egg-info/PKG-INFO
writing dependency_links to sqlrite_sdk.egg-info/dependency_links.txt
writing top-level names to sqlrite_sdk.egg-info/top_level.txt
reading manifest file 'sqlrite_sdk.egg-info/SOURCES.txt'
writing manifest file 'sqlrite_sdk.egg-info/SOURCES.txt'
running sdist
running egg_info
writing sqlrite_sdk.egg-info/PKG-INFO
writing dependency_links to sqlrite_sdk.egg-info/dependency_links.txt
writing top-level names to sqlrite_sdk.egg-info/top_level.txt
reading manifest file 'sqlrite_sdk.egg-info/SOURCES.txt'
writing manifest file 'sqlrite_sdk.egg-info/SOURCES.txt'
running check
creating sqlrite_sdk-0.1.0
creating sqlrite_sdk-0.1.0/sqlrite_sdk
creating sqlrite_sdk-0.1.0/sqlrite_sdk.egg-info
creating sqlrite_sdk-0.1.0/tests
copying files to sqlrite_sdk-0.1.0...
copying README.md -> sqlrite_sdk-0.1.0
copying pyproject.toml -> sqlrite_sdk-0.1.0
copying ./sqlrite_sdk/__init__.py -> sqlrite_sdk-0.1.0/./sqlrite_sdk
copying ./sqlrite_sdk/client.py -> sqlrite_sdk-0.1.0/./sqlrite_sdk
copying sqlrite_sdk/__init__.py -> sqlrite_sdk-0.1.0/sqlrite_sdk
copying sqlrite_sdk/client.py -> sqlrite_sdk-0.1.0/sqlrite_sdk
copying sqlrite_sdk.egg-info/PKG-INFO -> sqlrite_sdk-0.1.0/sqlrite_sdk.egg-info
copying sqlrite_sdk.egg-info/SOURCES.txt -> sqlrite_sdk-0.1.0/sqlrite_sdk.egg-info
copying sqlrite_sdk.egg-info/dependency_links.txt -> sqlrite_sdk-0.1.0/sqlrite_sdk.egg-info
copying sqlrite_sdk.egg-info/top_level.txt -> sqlrite_sdk-0.1.0/sqlrite_sdk.egg-info
copying tests/test_client.py -> sqlrite_sdk-0.1.0/tests
copying sqlrite_sdk.egg-info/SOURCES.txt -> sqlrite_sdk-0.1.0/sqlrite_sdk.egg-info
Writing sqlrite_sdk-0.1.0/setup.cfg
Creating tar archive
removing 'sqlrite_sdk-0.1.0' (and everything under it)
running egg_info
writing sqlrite_sdk.egg-info/PKG-INFO
writing dependency_links to sqlrite_sdk.egg-info/dependency_links.txt
writing top-level names to sqlrite_sdk.egg-info/top_level.txt
reading manifest file 'sqlrite_sdk.egg-info/SOURCES.txt'
writing manifest file 'sqlrite_sdk.egg-info/SOURCES.txt'
running bdist_wheel
running build
running build_py
creating build/lib/sqlrite_sdk
copying ./sqlrite_sdk/client.py -> build/lib/sqlrite_sdk
copying ./sqlrite_sdk/__init__.py -> build/lib/sqlrite_sdk
running egg_info
writing sqlrite_sdk.egg-info/PKG-INFO
writing dependency_links to sqlrite_sdk.egg-info/dependency_links.txt
writing top-level names to sqlrite_sdk.egg-info/top_level.txt
reading manifest file 'sqlrite_sdk.egg-info/SOURCES.txt'
writing manifest file 'sqlrite_sdk.egg-info/SOURCES.txt'
installing to build/bdist.macosx-26.0-arm64/wheel
running install
running install_lib
creating build/bdist.macosx-26.0-arm64/wheel
creating build/bdist.macosx-26.0-arm64/wheel/sqlrite_sdk
copying build/lib/sqlrite_sdk/client.py -> build/bdist.macosx-26.0-arm64/wheel/./sqlrite_sdk
copying build/lib/sqlrite_sdk/__init__.py -> build/bdist.macosx-26.0-arm64/wheel/./sqlrite_sdk
running install_egg_info
Copying sqlrite_sdk.egg-info to build/bdist.macosx-26.0-arm64/wheel/./sqlrite_sdk-0.1.0-py3.12.egg-info
running install_scripts
creating build/bdist.macosx-26.0-arm64/wheel/sqlrite_sdk-0.1.0.dist-info/WHEEL
creating '/Users/jameskaranja/Developer/projects/SQLRight/project_plan/reports/s23_python_dist/.tmp-cjgbnysq/sqlrite_sdk-0.1.0-py3-none-any.whl' and adding 'build/bdist.macosx-26.0-arm64/wheel' to it
adding 'sqlrite_sdk/__init__.py'
adding 'sqlrite_sdk/client.py'
adding 'sqlrite_sdk-0.1.0.dist-info/METADATA'
adding 'sqlrite_sdk-0.1.0.dist-info/WHEEL'
adding 'sqlrite_sdk-0.1.0.dist-info/top_level.txt'
adding 'sqlrite_sdk-0.1.0.dist-info/RECORD'
removing build/bdist.macosx-26.0-arm64/wheel
Successfully built sqlrite_sdk-0.1.0.tar.gz and sqlrite_sdk-0.1.0-py3-none-any.whl
[s23-python-sdk-smoke-complete] log=project_plan/reports/s23_python_sdk_smoke.log
