[build]
[seed-db]
[init-policy]
rbac policy written to project_plan/reports/s27_rbac_policy.json
[start-server] bind=127.0.0.1:8347
[security-summary]
{
  "audit_log_path": "project_plan/reports/s27_security_audit.jsonl",
  "enabled": true,
  "rbac_roles": [
    "admin",
    "reader",
    "tenant_admin",
    "writer"
  ],
  "require_auth_context": true,
  "secure_defaults": true
}
[query-without-headers]
{
  "error": "io error: missing auth context headers"
}
[query-reader-ok]
{
  "kind": "query",
  "row_count": 2,
  "rows": [
    {
      "chunk_id": "demo-1",
      "content": "Rust and SQLite are ideal for local-first AI agents.",
      "doc_id": "doc-a",
      "hybrid_score": 0.15000000596046448,
      "metadata": {
        "tenant": "demo",
        "topic": "agent-memory"
      },
      "text_score": 0.15000000596046448,
      "vector_score": 0.0
    },
    {
      "chunk_id": "demo-2",
      "content": "Hybrid retrieval mixes vector search with keyword signals.",
      "doc_id": "doc-b",
      "hybrid_score": 0.0,
      "metadata": {
        "tenant": "demo",
        "topic": "retrieval"
      },
      "text_score": 0.0,
      "vector_score": 0.0
    }
  ]
}
[query-reader-tenant-mismatch]
{
  "error": "io error: tenant filter mismatch"
}
[sql-reader-denied]
{
  "error": "authorization denied: actor `reader-1` lacks role permission for SqlAdmin"
}
[sql-admin-ok]
{
  "elapsed_ms": 0.048458,
  "kind": "query",
  "rewritten_statement": "SELECT id FROM chunks ORDER BY id ASC LIMIT 1;",
  "row_count": 1,
  "rows": [
    {
      "id": "demo-1"
    }
  ],
  "statement": "SELECT id FROM chunks ORDER BY id ASC LIMIT 1;"
}
[assertions]
security_enabled=True
query_without_headers_denied=True
query_reader_ok=True
sql_reader_denied=True
sql_admin_ok=True
audit_allowed_entries=2
audit_denied_entries=3
pass=True
[s27-security-rbac-smoke-complete] report=project_plan/reports/s27_security_rbac_report.json log=project_plan/reports/s27_security_rbac_smoke.log
