[build]
[init-policy]
rbac policy written to project_plan/reports/s28_rbac_policy.json
[seed-rotation-demo]
seeded encrypted tenant chunk into project_plan/reports/s28_security_audit.db
registry saved to project_plan/reports/s28_rotation_keys.json
[start-server] bind=127.0.0.1:8348
[query-and-rerank]
{
  "kind": "rerank_hook",
  "row_count": 1,
  "rows": [
    {
      "chunk_id": "rotation-demo-1",
      "content": "Rotation workflow demo content for tenant demo.",
      "doc_id": "rotation-doc-1",
      "hybrid_score": 1.0,
      "metadata": {
        "compliance_tag": "internal",
        "secret_payload": "enc:v1:k1:17000e1d6506421f040d4c525c551d421606111711",
        "tenant": "demo",
        "tenant_key_id": "k1"
      },
      "text_score": 1.0,
      "vector_score": 0.0
    }
  ]
}
[server-audit-export]
{
  "source_path": "project_plan/reports/s28_security_audit.jsonl",
  "output_path": "project_plan/reports/s28_audit_export_server.jsonl",
  "matched_events": 1,
  "exported_events": 1,
  "format": "jsonl",
  "filters": {
    "actor_id": null,
    "tenant_id": "demo",
    "operation": null,
    "allowed": null,
    "from_unix_ms": null,
    "to_unix_ms": null,
    "limit": null
  }
}
[cli-audit-export]
{
  "source_path": "project_plan/reports/s28_security_audit.jsonl",
  "output_path": "project_plan/reports/s28_audit_export.jsonl",
  "matched_events": 1,
  "exported_events": 1,
  "format": "jsonl",
  "filters": {
    "actor_id": null,
    "tenant_id": "demo",
    "operation": null,
    "allowed": null,
    "from_unix_ms": null,
    "to_unix_ms": null,
    "limit": null
  }
}
[verify-before]
{
  "tenant_id": "demo",
  "metadata_field": "secret_payload",
  "target_key_id": "k2",
  "scanned_chunks": 1,
  "encrypted_chunks": 1,
  "rotated_chunks": 0,
  "target_key_matches": 0,
  "stale_key_ids": [
    "k1"
  ],
  "verified_all_target_key": false
}
[rotate-key]
{
  "tenant_id": "demo",
  "metadata_field": "secret_payload",
  "target_key_id": "k2",
  "scanned_chunks": 1,
  "encrypted_chunks": 1,
  "rotated_chunks": 1,
  "target_key_matches": 1,
  "stale_key_ids": [
    "k1"
  ],
  "verified_all_target_key": true
}
[verify-after]
{
  "tenant_id": "demo",
  "metadata_field": "secret_payload",
  "target_key_id": "k2",
  "scanned_chunks": 1,
  "encrypted_chunks": 1,
  "rotated_chunks": 0,
  "target_key_matches": 1,
  "stale_key_ids": [],
  "verified_all_target_key": true
}
[assertions]
rerank_hook_ok=True
server_audit_export_ok=True
cli_audit_export_ok=True
rotation_updated_chunks=1
verify_after_all_target_key=True
pass=True
[s28-security-audit-hardening-complete] report=project_plan/reports/s28_security_audit_report.json log=project_plan/reports/s28_security_audit_hardening.log
