[build]
    Finished `dev` profile [unoptimized + debuginfo] target(s) in 0.07s
[quality-gates]
[create-fixtures] work_dir=project_plan/reports/s31_fixture_workspace
[migrate-qdrant]
[migrate-weaviate]
[migrate-milvus]
[cli-search-v2]
[start-server] bind=127.0.0.1:8351
[http-sql-search-v2]
[http-rerank-hook]
[gap-analysis]
[assertions]
qdrant_ok=True
weaviate_ok=True
milvus_ok=True
cli_search_ok=True
http_sql_ok=True
rerank_hook_ok=True
qdrant_rows_per_sec=204.3701
http_sql_elapsed_ms=0.385083
pass=True
[s31-complete] report=project_plan/reports/s31_sql_v2_migration_report.json benchmark=project_plan/reports/s31_benchmark_search_v2.json gap=project_plan/reports/s31_competitor_gap_analysis.md
